<?xml version="1.0" encoding="UTF-8"?>
<!-- Generated by org.testng.reporters.JUnitReportReporter -->
<testsuite hostname="ZCHD-CQR-PRANSHU-SHARMA" failures="0" tests="8" name="apitesting.sampleproject.TestCases" time="8.214" errors="0" timestamp="26 May 2022 09:21:08 GMT" skipped="0">
  <testcase classname="apitesting.sampleproject.TestCases" name="testLoginUnseccusfulUser" time="0.522"/>
  <testcase classname="apitesting.sampleproject.TestCases" name="testDelayedResponse" time="3.593"/>
  <testcase classname="apitesting.sampleproject.TestCases" name="testFetchUser" time="0.197"/>
  <testcase classname="apitesting.sampleproject.TestCases" name="testLoginUser" time="0.516"/>
  <testcase classname="apitesting.sampleproject.TestCases" name="testFetchSingleUser" time="0.429"/>
  <testcase classname="apitesting.sampleproject.TestCases" name="testCreateUser" time="1.845"/>
  <testcase classname="apitesting.sampleproject.TestCases" name="testUnsuccesfulRegisterUser" time="0.504"/>
  <testcase classname="apitesting.sampleproject.TestCases" name="testRegisterUser" time="0.608"/>
</testsuite> <!-- apitesting.sampleproject.TestCases -->
